2017-05-10 18:50:26.401+0000 WARN  [o.n.i.p.PageCache] The dbms.memory.pagecache.size setting has not been configured. It is recommended that this setting is always explicitly configured, to ensure the system has a balanced configuration. Until then, a computed heuristic value of 1610612736 bytes will be used instead. 
2017-05-10 18:50:26.554+0000 INFO  [o.n.k.i.f.CommunityEditionModule] No locking implementation specified, defaulting to 'community'
2017-05-10 18:50:27.019+0000 INFO  [o.n.k.AvailabilityGuard] Requirement makes database unavailable: Database available
2017-05-10 18:50:27.081+0000 INFO  [o.n.k.i.DiagnosticsManager] --- INITIALIZED diagnostics START ---
2017-05-10 18:50:27.081+0000 INFO  [o.n.k.i.DiagnosticsManager] Neo4j Kernel properties:
2017-05-10 18:50:27.081+0000 INFO  [o.n.k.i.DiagnosticsManager] dbms.connector.http.enabled=true
2017-05-10 18:50:27.081+0000 INFO  [o.n.k.i.DiagnosticsManager] dbms.security.auth_enabled=false
2017-05-10 18:50:27.082+0000 INFO  [o.n.k.i.DiagnosticsManager] dbms.connector.http.listen_address=localhost:7474
2017-05-10 18:50:27.082+0000 INFO  [o.n.k.i.DiagnosticsManager] unsupported.dbms.directories.neo4j_home=/Users/vishrant/RubyProjects/predict_disease/db/neo4j/development
2017-05-10 18:50:27.082+0000 INFO  [o.n.k.i.DiagnosticsManager] dbms.directories.import=import
2017-05-10 18:50:27.082+0000 INFO  [o.n.k.i.DiagnosticsManager] dbms.connector.https.enabled=false
2017-05-10 18:50:27.082+0000 INFO  [o.n.k.i.DiagnosticsManager] dbms.jvm.additional=-Dunsupported.dbms.udc.source=tarball
2017-05-10 18:50:27.082+0000 INFO  [o.n.k.i.DiagnosticsManager] dbms.windows_service_name=neo4j
2017-05-10 18:50:27.082+0000 INFO  [o.n.k.i.DiagnosticsManager] dbms.connector.https.listen_address=localhost:7473
2017-05-10 18:50:27.082+0000 INFO  [o.n.k.i.DiagnosticsManager] dbms.connector.bolt.listen_address=localhost:7472
2017-05-10 18:50:27.082+0000 INFO  [o.n.k.i.DiagnosticsManager] unsupported.dbms.edition=community
2017-05-10 18:50:27.082+0000 INFO  [o.n.k.i.DiagnosticsManager] dbms.connector.bolt.enabled=true
2017-05-10 18:50:27.083+0000 INFO  [o.n.k.i.DiagnosticsManager] Diagnostics providers:
2017-05-10 18:50:27.083+0000 INFO  [o.n.k.i.DiagnosticsManager] org.neo4j.kernel.configuration.Config
2017-05-10 18:50:27.083+0000 INFO  [o.n.k.i.DiagnosticsManager] org.neo4j.kernel.info.DiagnosticsManager
2017-05-10 18:50:27.083+0000 INFO  [o.n.k.i.DiagnosticsManager] SYSTEM_MEMORY
2017-05-10 18:50:27.083+0000 INFO  [o.n.k.i.DiagnosticsManager] JAVA_MEMORY
2017-05-10 18:50:27.083+0000 INFO  [o.n.k.i.DiagnosticsManager] OPERATING_SYSTEM
2017-05-10 18:50:27.083+0000 INFO  [o.n.k.i.DiagnosticsManager] JAVA_VIRTUAL_MACHINE
2017-05-10 18:50:27.083+0000 INFO  [o.n.k.i.DiagnosticsManager] CLASSPATH
2017-05-10 18:50:27.083+0000 INFO  [o.n.k.i.DiagnosticsManager] LIBRARY_PATH
2017-05-10 18:50:27.083+0000 INFO  [o.n.k.i.DiagnosticsManager] SYSTEM_PROPERTIES
2017-05-10 18:50:27.083+0000 INFO  [o.n.k.i.DiagnosticsManager] NETWORK
2017-05-10 18:50:27.083+0000 INFO  [o.n.k.i.DiagnosticsManager] System memory information:
2017-05-10 18:50:27.088+0000 INFO  [o.n.k.i.DiagnosticsManager] Total Physical memory: 4.00 GB
2017-05-10 18:50:27.089+0000 INFO  [o.n.k.i.DiagnosticsManager] Free Physical memory: 27.52 MB
2017-05-10 18:50:27.090+0000 INFO  [o.n.k.i.DiagnosticsManager] Committed virtual memory: 4.76 GB
2017-05-10 18:50:27.091+0000 INFO  [o.n.k.i.DiagnosticsManager] Total swap space: 3.00 GB
2017-05-10 18:50:27.092+0000 INFO  [o.n.k.i.DiagnosticsManager] Free swap space: 1.54 GB
2017-05-10 18:50:27.092+0000 INFO  [o.n.k.i.DiagnosticsManager] JVM memory information:
2017-05-10 18:50:27.092+0000 INFO  [o.n.k.i.DiagnosticsManager] Free  memory: 37.25 MB
2017-05-10 18:50:27.092+0000 INFO  [o.n.k.i.DiagnosticsManager] Total memory: 64.00 MB
2017-05-10 18:50:27.092+0000 INFO  [o.n.k.i.DiagnosticsManager] Max   memory: 1.00 GB
2017-05-10 18:50:27.121+0000 INFO  [o.n.k.i.DiagnosticsManager] Garbage Collector: G1 Young Generation: [G1 Eden Space, G1 Survivor Space]
2017-05-10 18:50:27.121+0000 INFO  [o.n.k.i.DiagnosticsManager] Garbage Collector: G1 Old Generation: [G1 Eden Space, G1 Survivor Space, G1 Old Gen]
2017-05-10 18:50:27.126+0000 INFO  [o.n.k.i.DiagnosticsManager] Memory Pool: Code Cache (Non-heap memory): committed=4.00 MB, used=3.99 MB, max=240.00 MB, threshold=0.00 B
2017-05-10 18:50:27.127+0000 INFO  [o.n.k.i.DiagnosticsManager] Memory Pool: Metaspace (Non-heap memory): committed=11.38 MB, used=10.74 MB, max=-1.00 B, threshold=0.00 B
2017-05-10 18:50:27.128+0000 INFO  [o.n.k.i.DiagnosticsManager] Memory Pool: Compressed Class Space (Non-heap memory): committed=1.63 MB, used=1.40 MB, max=1.00 GB, threshold=0.00 B
2017-05-10 18:50:27.128+0000 INFO  [o.n.k.i.DiagnosticsManager] Memory Pool: G1 Eden Space (Heap memory): committed=27.00 MB, used=8.00 MB, max=-1.00 B, threshold=?
2017-05-10 18:50:27.129+0000 INFO  [o.n.k.i.DiagnosticsManager] Memory Pool: G1 Survivor Space (Heap memory): committed=1.00 MB, used=1.00 MB, max=-1.00 B, threshold=?
2017-05-10 18:50:27.130+0000 INFO  [o.n.k.i.DiagnosticsManager] Memory Pool: G1 Old Gen (Heap memory): committed=36.00 MB, used=17.25 MB, max=1.00 GB, threshold=0.00 B
2017-05-10 18:50:27.130+0000 INFO  [o.n.k.i.DiagnosticsManager] Operating system information:
2017-05-10 18:50:27.136+0000 INFO  [o.n.k.i.DiagnosticsManager] Operating System: Mac OS X; version: 10.12; arch: x86_64; cpus: 4
2017-05-10 18:50:27.137+0000 INFO  [o.n.k.i.DiagnosticsManager] Max number of file descriptors: 10240
2017-05-10 18:50:27.137+0000 INFO  [o.n.k.i.DiagnosticsManager] Number of open file descriptors: 93
2017-05-10 18:50:27.414+0000 INFO  [o.n.k.i.DiagnosticsManager] Process id: 75553@VishrantMac.local
2017-05-10 18:50:27.415+0000 INFO  [o.n.k.i.DiagnosticsManager] Byte order: LITTLE_ENDIAN
2017-05-10 18:50:27.415+0000 INFO  [o.n.k.i.DiagnosticsManager] Local timezone: Asia/Kolkata
2017-05-10 18:50:27.415+0000 INFO  [o.n.k.i.DiagnosticsManager] JVM information:
2017-05-10 18:50:27.415+0000 INFO  [o.n.k.i.DiagnosticsManager] VM Name: Java HotSpot(TM) 64-Bit Server VM
2017-05-10 18:50:27.415+0000 INFO  [o.n.k.i.DiagnosticsManager] VM Vendor: Oracle Corporation
2017-05-10 18:50:27.415+0000 INFO  [o.n.k.i.DiagnosticsManager] VM Version: 25.121-b13
2017-05-10 18:50:27.418+0000 INFO  [o.n.k.i.DiagnosticsManager] JIT compiler: HotSpot 64-Bit Tiered Compilers
2017-05-10 18:50:27.423+0000 INFO  [o.n.k.i.DiagnosticsManager] VM Arguments: [-XX:+UseG1GC, -XX:-OmitStackTraceInFastThrow, -XX:+AlwaysPreTouch, -XX:+UnlockExperimentalVMOptions, -XX:+TrustFinalNonStaticFields, -XX:+DisableExplicitGC, -Djdk.tls.ephemeralDHKeySize=2048, -Dunsupported.dbms.udc.source=tarball, -Dfile.encoding=UTF-8]
2017-05-10 18:50:27.423+0000 INFO  [o.n.k.i.DiagnosticsManager] Java classpath:
2017-05-10 18:50:27.426+0000 INFO  [o.n.k.i.DiagnosticsManager]  [classpath + loader.0] file:/Users/vishrant/RubyProjects/predict_disease/db/neo4j/development/lib/neo4j-command-line-3.1.4.jar
2017-05-10 18:50:27.426+0000 INFO  [o.n.k.i.DiagnosticsManager]  [classpath + loader.0] file:/Users/vishrant/RubyProjects/predict_disease/db/neo4j/development/plugins/
2017-05-10 18:50:27.426+0000 INFO  [o.n.k.i.DiagnosticsManager]  [bootstrap] /Library/Java/JavaVirtualMachines/jdk1.8.0_121.jdk/Contents/Home/jre/lib/charsets.jar
2017-05-10 18:50:27.427+0000 INFO  [o.n.k.i.DiagnosticsManager]  [classpath + loader.0] file:/Users/vishrant/RubyProjects/predict_disease/db/neo4j/development/lib/neo4j-server-3.1.4.jar
2017-05-10 18:50:27.427+0000 INFO  [o.n.k.i.DiagnosticsManager]  [classpath + loader.0] file:/Users/vishrant/RubyProjects/predict_disease/db/neo4j/development/lib/jackson-core-asl-1.9.13.jar
2017-05-10 18:50:27.427+0000 INFO  [o.n.k.i.DiagnosticsManager]  [bootstrap] /Library/Java/JavaVirtualMachines/jdk1.8.0_121.jdk/Contents/Home/jre/classes
2017-05-10 18:50:27.427+0000 INFO  [o.n.k.i.DiagnosticsManager]  [classpath + loader.0] file:/Users/vishrant/RubyProjects/predict_disease/db/neo4j/development/lib/jersey-multipart-1.19.jar
2017-05-10 18:50:27.427+0000 INFO  [o.n.k.i.DiagnosticsManager]  [classpath + loader.0] file:/Users/vishrant/RubyProjects/predict_disease/db/neo4j/development/lib/neo4j-graph-matching-3.1.4.jar
2017-05-10 18:50:27.427+0000 INFO  [o.n.k.i.DiagnosticsManager]  [classpath + loader.0] file:/Users/vishrant/RubyProjects/predict_disease/db/neo4j/development/lib/neo4j-primitive-collections-3.1.4.jar
2017-05-10 18:50:27.427+0000 INFO  [o.n.k.i.DiagnosticsManager]  [classpath + loader.0] file:/Users/vishrant/RubyProjects/predict_disease/db/neo4j/development/lib/neo4j-dbms-3.1.4.jar
2017-05-10 18:50:27.427+0000 INFO  [o.n.k.i.DiagnosticsManager]  [classpath + loader.0] file:/Users/vishrant/RubyProjects/predict_disease/db/neo4j/development/lib/lucene-queryparser-5.5.0.jar
2017-05-10 18:50:27.427+0000 INFO  [o.n.k.i.DiagnosticsManager]  [bootstrap] /Library/Java/JavaVirtualMachines/jdk1.8.0_121.jdk/Contents/Home/jre/lib/jce.jar
2017-05-10 18:50:27.427+0000 INFO  [o.n.k.i.DiagnosticsManager]  [classpath + loader.0] file:/Users/vishrant/RubyProjects/predict_disease/db/neo4j/development/lib/neo4j-udc-3.1.4.jar
2017-05-10 18:50:27.427+0000 INFO  [o.n.k.i.DiagnosticsManager]  [classpath + loader.0] file:/Users/vishrant/RubyProjects/predict_disease/db/neo4j/development/lib/scala-library-2.11.8.jar
2017-05-10 18:50:27.427+0000 INFO  [o.n.k.i.DiagnosticsManager]  [classpath + loader.0] file:/Users/vishrant/RubyProjects/predict_disease/db/neo4j/development/lib/commons-beanutils-1.8.3.jar
2017-05-10 18:50:27.427+0000 INFO  [o.n.k.i.DiagnosticsManager]  [classpath + loader.0] file:/Users/vishrant/RubyProjects/predict_disease/db/neo4j/development/lib/neo4j-collections-3.1.4.jar
2017-05-10 18:50:27.427+0000 INFO  [o.n.k.i.DiagnosticsManager]  [classpath + loader.0] file:/Users/vishrant/RubyProjects/predict_disease/db/neo4j/development/lib/jetty-http-9.2.9.v20150224.jar
2017-05-10 18:50:27.427+0000 INFO  [o.n.k.i.DiagnosticsManager]  [classpath + loader.0] file:/Users/vishrant/RubyProjects/predict_disease/db/neo4j/development/lib/jetty-server-9.2.9.v20150224.jar
2017-05-10 18:50:27.427+0000 INFO  [o.n.k.i.DiagnosticsManager]  [classpath + loader.0] file:/Users/vishrant/RubyProjects/predict_disease/db/neo4j/development/lib/lucene-core-5.5.0.jar
2017-05-10 18:50:27.427+0000 INFO  [o.n.k.i.DiagnosticsManager]  [loader.1] file:/Library/Java/JavaVirtualMachines/jdk1.8.0_121.jdk/Contents/Home/jre/lib/ext/jfxrt.jar
2017-05-10 18:50:27.427+0000 INFO  [o.n.k.i.DiagnosticsManager]  [classpath + loader.0] file:/Users/vishrant/RubyProjects/predict_disease/db/neo4j/development/lib/neo4j-csv-3.1.4.jar
2017-05-10 18:50:27.428+0000 INFO  [o.n.k.i.DiagnosticsManager]  [loader.1] file:/Library/Java/JavaVirtualMachines/jdk1.8.0_121.jdk/Contents/Home/jre/lib/ext/jaccess.jar
2017-05-10 18:50:27.428+0000 INFO  [o.n.k.i.DiagnosticsManager]  [loader.1] file:/Library/Java/JavaVirtualMachines/jdk1.8.0_121.jdk/Contents/Home/jre/lib/ext/localedata.jar
2017-05-10 18:50:27.428+0000 INFO  [o.n.k.i.DiagnosticsManager]  [bootstrap] /Library/Java/JavaVirtualMachines/jdk1.8.0_121.jdk/Contents/Home/jre/lib/jsse.jar
2017-05-10 18:50:27.428+0000 INFO  [o.n.k.i.DiagnosticsManager]  [classpath + loader.0] file:/Users/vishrant/RubyProjects/predict_disease/db/neo4j/development/lib/neo4j-browser-2.0.0-M10.jar
2017-05-10 18:50:27.428+0000 INFO  [o.n.k.i.DiagnosticsManager]  [classpath + loader.0] file:/Users/vishrant/RubyProjects/predict_disease/db/neo4j/development/lib/jline-2.12.jar
2017-05-10 18:50:27.428+0000 INFO  [o.n.k.i.DiagnosticsManager]  [classpath + loader.0] file:/Users/vishrant/RubyProjects/predict_disease/db/neo4j/development/lib/caffeine-2.3.3.jar
2017-05-10 18:50:27.428+0000 INFO  [o.n.k.i.DiagnosticsManager]  [classpath + loader.0] file:/Users/vishrant/RubyProjects/predict_disease/db/neo4j/development/lib/neo4j-cypher-frontend-3.0-3.0.9.jar
2017-05-10 18:50:27.428+0000 INFO  [o.n.k.i.DiagnosticsManager]  [classpath + loader.0] file:/Users/vishrant/RubyProjects/predict_disease/db/neo4j/development/lib/neo4j-codegen-3.1.4.jar
2017-05-10 18:50:27.428+0000 INFO  [o.n.k.i.DiagnosticsManager]  [classpath + loader.0] file:/Users/vishrant/RubyProjects/predict_disease/db/neo4j/development/lib/neo4j-cypher-frontend-3.1-3.1.4.jar
2017-05-10 18:50:27.428+0000 INFO  [o.n.k.i.DiagnosticsManager]  [classpath + loader.0] file:/Users/vishrant/RubyProjects/predict_disease/db/neo4j/development/lib/jackson-jaxrs-1.9.13.jar
2017-05-10 18:50:27.428+0000 INFO  [o.n.k.i.DiagnosticsManager]  [classpath + loader.0] file:/Users/vishrant/RubyProjects/predict_disease/db/neo4j/development/lib/commons-lang3-3.3.2.jar
2017-05-10 18:50:27.428+0000 INFO  [o.n.k.i.DiagnosticsManager]  [classpath + loader.0] file:/Users/vishrant/RubyProjects/predict_disease/db/neo4j/development/lib/neo4j-import-tool-3.1.4.jar
2017-05-10 18:50:27.428+0000 INFO  [o.n.k.i.DiagnosticsManager]  [classpath + loader.0] file:/Users/vishrant/RubyProjects/predict_disease/db/neo4j/development/lib/jsr311-api-1.1.2.r612.jar
2017-05-10 18:50:27.428+0000 INFO  [o.n.k.i.DiagnosticsManager]  [classpath + loader.0] file:/Users/vishrant/RubyProjects/predict_disease/db/neo4j/development/lib/neo4j-cypher-3.1.4.jar
2017-05-10 18:50:27.428+0000 INFO  [o.n.k.i.DiagnosticsManager]  [classpath + loader.0] file:/Users/vishrant/RubyProjects/predict_disease/db/neo4j/development/lib/commons-compress-1.12.jar
2017-05-10 18:50:27.428+0000 INFO  [o.n.k.i.DiagnosticsManager]  [bootstrap] /Library/Java/JavaVirtualMachines/jdk1.8.0_121.jdk/Contents/Home/jre/lib/rt.jar
2017-05-10 18:50:27.428+0000 INFO  [o.n.k.i.DiagnosticsManager]  [classpath + loader.0] file:/Users/vishrant/RubyProjects/predict_disease/db/neo4j/development/lib/jetty-util-9.2.9.v20150224.jar
2017-05-10 18:50:27.428+0000 INFO  [o.n.k.i.DiagnosticsManager]  [classpath + loader.0] file:/Users/vishrant/RubyProjects/predict_disease/db/neo4j/development/lib/jetty-servlet-9.2.9.v20150224.jar
2017-05-10 18:50:27.428+0000 INFO  [o.n.k.i.DiagnosticsManager]  [classpath + loader.0] file:/Users/vishrant/RubyProjects/predict_disease/db/neo4j/development/lib/neo4j-shell-3.1.4.jar
2017-05-10 18:50:27.428+0000 INFO  [o.n.k.i.DiagnosticsManager]  [loader.1] file:/Library/Java/JavaVirtualMachines/jdk1.8.0_121.jdk/Contents/Home/jre/lib/ext/sunjce_provider.jar
2017-05-10 18:50:27.428+0000 INFO  [o.n.k.i.DiagnosticsManager]  [classpath + loader.0] file:/Users/vishrant/RubyProjects/predict_disease/db/neo4j/development/lib/commons-lang-2.6.jar
2017-05-10 18:50:27.429+0000 INFO  [o.n.k.i.DiagnosticsManager]  [classpath + loader.0] file:/Users/vishrant/RubyProjects/predict_disease/db/neo4j/development/lib/neo4j-cypher-compiler-3.0-3.0.9.jar
2017-05-10 18:50:27.429+0000 INFO  [o.n.k.i.DiagnosticsManager]  [classpath + loader.0] file:/Users/vishrant/RubyProjects/predict_disease/db/neo4j/development/lib/jackson-mapper-asl-1.9.13.jar
2017-05-10 18:50:27.429+0000 INFO  [o.n.k.i.DiagnosticsManager]  [classpath + loader.0] file:/Users/vishrant/RubyProjects/predict_disease/db/neo4j/development/lib/jersey-servlet-1.19.jar
2017-05-10 18:50:27.429+0000 INFO  [o.n.k.i.DiagnosticsManager]  [classpath + loader.0] file:/Users/vishrant/RubyProjects/predict_disease/db/neo4j/development/lib/neo4j-cypher-compiler-3.1-3.1.4.jar
2017-05-10 18:50:27.429+0000 INFO  [o.n.k.i.DiagnosticsManager]  [classpath + loader.0] file:/Users/vishrant/RubyProjects/predict_disease/db/neo4j/development/lib/concurrentlinkedhashmap-lru-1.4.2.jar
2017-05-10 18:50:27.429+0000 INFO  [o.n.k.i.DiagnosticsManager]  [classpath + loader.0] file:/Users/vishrant/RubyProjects/predict_disease/db/neo4j/development/lib/neo4j-graph-algo-3.1.4.jar
2017-05-10 18:50:27.429+0000 INFO  [o.n.k.i.DiagnosticsManager]  [classpath + loader.0] file:/Users/vishrant/RubyProjects/predict_disease/db/neo4j/development/plugins/*
2017-05-10 18:50:27.429+0000 INFO  [o.n.k.i.DiagnosticsManager]  [classpath + loader.0] file:/Users/vishrant/RubyProjects/predict_disease/db/neo4j/development/lib/jetty-xml-9.2.9.v20150224.jar
2017-05-10 18:50:27.429+0000 INFO  [o.n.k.i.DiagnosticsManager]  [classpath + loader.0] file:/Users/vishrant/RubyProjects/predict_disease/db/neo4j/development/lib/lucene-codecs-5.5.0.jar
2017-05-10 18:50:27.429+0000 INFO  [o.n.k.i.DiagnosticsManager]  [classpath + loader.0] file:/Users/vishrant/RubyProjects/predict_disease/db/neo4j/development/lib/neo4j-cypher-frontend-2.3-2.3.10.jar
2017-05-10 18:50:27.429+0000 INFO  [o.n.k.i.DiagnosticsManager]  [classpath + loader.0] file:/Users/vishrant/RubyProjects/predict_disease/db/neo4j/development/lib/parboiled-core-1.1.7.jar
2017-05-10 18:50:27.429+0000 INFO  [o.n.k.i.DiagnosticsManager]  [classpath + loader.0] file:/Users/vishrant/RubyProjects/predict_disease/db/neo4j/development/lib/parboiled-scala_2.11-1.1.7.jar
2017-05-10 18:50:27.429+0000 INFO  [o.n.k.i.DiagnosticsManager]  [classpath + loader.0] file:/Users/vishrant/RubyProjects/predict_disease/db/neo4j/development/lib/commons-logging-1.1.1.jar
2017-05-10 18:50:27.429+0000 INFO  [o.n.k.i.DiagnosticsManager]  [classpath + loader.0] file:/Users/vishrant/RubyProjects/predict_disease/db/neo4j/development/lib/commons-io-2.4.jar
2017-05-10 18:50:27.429+0000 INFO  [o.n.k.i.DiagnosticsManager]  [classpath + loader.0] file:/Users/vishrant/RubyProjects/predict_disease/db/neo4j/development/lib/commons-configuration-1.10.jar
2017-05-10 18:50:27.429+0000 INFO  [o.n.k.i.DiagnosticsManager]  [bootstrap] /Library/Java/JavaVirtualMachines/jdk1.8.0_121.jdk/Contents/Home/jre/lib/resources.jar
2017-05-10 18:50:27.429+0000 INFO  [o.n.k.i.DiagnosticsManager]  [bootstrap] /Library/Java/JavaVirtualMachines/jdk1.8.0_121.jdk/Contents/Home/jre/lib/jfr.jar
2017-05-10 18:50:27.429+0000 INFO  [o.n.k.i.DiagnosticsManager]  [classpath + loader.0] file:/Users/vishrant/RubyProjects/predict_disease/db/neo4j/development/lib/mimepull-1.9.3.jar
2017-05-10 18:50:27.429+0000 INFO  [o.n.k.i.DiagnosticsManager]  [classpath + loader.0] file:/Users/vishrant/RubyProjects/predict_disease/db/neo4j/development/lib/neo4j-consistency-check-3.1.4.jar
2017-05-10 18:50:27.429+0000 INFO  [o.n.k.i.DiagnosticsManager]  [loader.1] file:/Library/Java/JavaVirtualMachines/jdk1.8.0_121.jdk/Contents/Home/jre/lib/ext/dnsns.jar
2017-05-10 18:50:27.429+0000 INFO  [o.n.k.i.DiagnosticsManager]  [classpath + loader.0] file:/Users/vishrant/RubyProjects/predict_disease/db/neo4j/development/lib/neo4j-io-3.1.4.jar
2017-05-10 18:50:27.429+0000 INFO  [o.n.k.i.DiagnosticsManager]  [classpath + loader.0] file:/Users/vishrant/RubyProjects/predict_disease/db/neo4j/development/conf/
2017-05-10 18:50:27.429+0000 INFO  [o.n.k.i.DiagnosticsManager]  [classpath + loader.0] file:/Users/vishrant/RubyProjects/predict_disease/db/neo4j/development/lib/jetty-webapp-9.2.9.v20150224.jar
2017-05-10 18:50:27.429+0000 INFO  [o.n.k.i.DiagnosticsManager]  [classpath + loader.0] file:/Users/vishrant/RubyProjects/predict_disease/db/neo4j/development/lib/neo4j-unsafe-3.1.4.jar
2017-05-10 18:50:27.430+0000 INFO  [o.n.k.i.DiagnosticsManager]  [classpath + loader.0] file:/Users/vishrant/RubyProjects/predict_disease/db/neo4j/development/lib/javax.servlet-api-3.1.0.jar
2017-05-10 18:50:27.430+0000 INFO  [o.n.k.i.DiagnosticsManager]  [loader.1] file:/Library/Java/JavaVirtualMachines/jdk1.8.0_121.jdk/Contents/Home/jre/lib/ext/sunpkcs11.jar
2017-05-10 18:50:27.430+0000 INFO  [o.n.k.i.DiagnosticsManager]  [classpath + loader.0] file:/Users/vishrant/RubyProjects/predict_disease/db/neo4j/development/lib/jersey-server-1.19.jar
2017-05-10 18:50:27.430+0000 INFO  [o.n.k.i.DiagnosticsManager]  [classpath + loader.0] file:/Users/vishrant/RubyProjects/predict_disease/db/neo4j/development/lib/neo4j-kernel-3.1.4.jar
2017-05-10 18:50:27.430+0000 INFO  [o.n.k.i.DiagnosticsManager]  [loader.1] file:/Library/Java/JavaVirtualMachines/jdk1.8.0_121.jdk/Contents/Home/jre/lib/ext/nashorn.jar
2017-05-10 18:50:27.430+0000 INFO  [o.n.k.i.DiagnosticsManager]  [classpath + loader.0] file:/Users/vishrant/RubyProjects/predict_disease/db/neo4j/development/lib/scala-reflect-2.11.8.jar
2017-05-10 18:50:27.430+0000 INFO  [o.n.k.i.DiagnosticsManager]  [classpath + loader.0] file:/Users/vishrant/RubyProjects/predict_disease/db/neo4j/development/lib/rhino-1.7R4.jar
2017-05-10 18:50:27.430+0000 INFO  [o.n.k.i.DiagnosticsManager]  [classpath + loader.0] file:/Users/vishrant/RubyProjects/predict_disease/db/neo4j/development/lib/asm-5.0.4.jar
2017-05-10 18:50:27.430+0000 INFO  [o.n.k.i.DiagnosticsManager]  [classpath + loader.0] file:/Users/vishrant/RubyProjects/predict_disease/db/neo4j/development/lib/netty-all-4.1.8.Final.jar
2017-05-10 18:50:27.430+0000 INFO  [o.n.k.i.DiagnosticsManager]  [classpath + loader.0] file:/Users/vishrant/RubyProjects/predict_disease/db/neo4j/development/lib/jetty-security-9.2.9.v20150224.jar
2017-05-10 18:50:27.430+0000 INFO  [o.n.k.i.DiagnosticsManager]  [classpath + loader.0] file:/Users/vishrant/RubyProjects/predict_disease/db/neo4j/development/lib/neo4j-jmx-3.1.4.jar
2017-05-10 18:50:27.430+0000 INFO  [o.n.k.i.DiagnosticsManager]  [loader.1] file:/Library/Java/JavaVirtualMachines/jdk1.8.0_121.jdk/Contents/Home/jre/lib/ext/zipfs.jar
2017-05-10 18:50:27.430+0000 INFO  [o.n.k.i.DiagnosticsManager]  [classpath + loader.0] file:/Users/vishrant/RubyProjects/predict_disease/db/neo4j/development/lib/bcprov-jdk15on-1.53.jar
2017-05-10 18:50:27.430+0000 INFO  [o.n.k.i.DiagnosticsManager]  [loader.1] file:/Library/Java/JavaVirtualMachines/jdk1.8.0_121.jdk/Contents/Home/jre/lib/ext/sunec.jar
2017-05-10 18:50:27.430+0000 INFO  [o.n.k.i.DiagnosticsManager]  [loader.1] file:/System/Library/Java/Extensions/MRJToolkit.jar
2017-05-10 18:50:27.430+0000 INFO  [o.n.k.i.DiagnosticsManager]  [bootstrap] /Library/Java/JavaVirtualMachines/jdk1.8.0_121.jdk/Contents/Home/jre/lib/sunrsasign.jar
2017-05-10 18:50:27.430+0000 INFO  [o.n.k.i.DiagnosticsManager]  [classpath + loader.0] file:/Users/vishrant/RubyProjects/predict_disease/db/neo4j/development/lib/neo4j-logging-3.1.4.jar
2017-05-10 18:50:27.430+0000 INFO  [o.n.k.i.DiagnosticsManager]  [classpath + loader.0] file:/Users/vishrant/RubyProjects/predict_disease/db/neo4j/development/lib/server-api-3.1.4.jar
2017-05-10 18:50:27.430+0000 INFO  [o.n.k.i.DiagnosticsManager]  [classpath + loader.0] file:/Users/vishrant/RubyProjects/predict_disease/db/neo4j/development/lib/lucene-analyzers-common-5.5.0.jar
2017-05-10 18:50:27.430+0000 INFO  [o.n.k.i.DiagnosticsManager]  [classpath + loader.0] file:/Users/vishrant/RubyProjects/predict_disease/db/neo4j/development/lib/neo4j-common-3.1.4.jar
2017-05-10 18:50:27.430+0000 INFO  [o.n.k.i.DiagnosticsManager]  [classpath + loader.0] file:/Users/vishrant/RubyProjects/predict_disease/db/neo4j/development/lib/neo4j-graphdb-api-3.1.4.jar
2017-05-10 18:50:27.430+0000 INFO  [o.n.k.i.DiagnosticsManager]  [classpath + loader.0] file:/Users/vishrant/RubyProjects/predict_disease/db/neo4j/development/lib/neo4j-bolt-3.1.4.jar
2017-05-10 18:50:27.430+0000 INFO  [o.n.k.i.DiagnosticsManager]  [classpath + loader.0] file:/Users/vishrant/RubyProjects/predict_disease/db/neo4j/development/lib/neo4j-security-3.1.4.jar
2017-05-10 18:50:27.430+0000 INFO  [o.n.k.i.DiagnosticsManager]  [classpath + loader.0] file:/Users/vishrant/RubyProjects/predict_disease/db/neo4j/development/lib/bcpkix-jdk15on-1.53.jar
2017-05-10 18:50:27.430+0000 INFO  [o.n.k.i.DiagnosticsManager]  [classpath + loader.0] file:/Users/vishrant/RubyProjects/predict_disease/db/neo4j/development/lib/commons-digester-2.1.jar
2017-05-10 18:50:27.430+0000 INFO  [o.n.k.i.DiagnosticsManager]  [classpath + loader.0] file:/Users/vishrant/RubyProjects/predict_disease/db/neo4j/development/lib/jetty-io-9.2.9.v20150224.jar
2017-05-10 18:50:27.430+0000 INFO  [o.n.k.i.DiagnosticsManager]  [classpath + loader.0] file:/Users/vishrant/RubyProjects/predict_disease/db/neo4j/development/lib/neo4j-lucene-upgrade-3.1.4.jar
2017-05-10 18:50:27.431+0000 INFO  [o.n.k.i.DiagnosticsManager]  [classpath + loader.0] file:/Users/vishrant/RubyProjects/predict_disease/db/neo4j/development/lib/jersey-core-1.19.jar
2017-05-10 18:50:27.431+0000 INFO  [o.n.k.i.DiagnosticsManager]  [classpath + loader.0] file:/Users/vishrant/RubyProjects/predict_disease/db/neo4j/development/lib/neo4j-resource-3.1.4.jar
2017-05-10 18:50:27.431+0000 INFO  [o.n.k.i.DiagnosticsManager]  [classpath + loader.0] file:/Users/vishrant/RubyProjects/predict_disease/db/neo4j/development/lib/neo4j-lucene-index-3.1.4.jar
2017-05-10 18:50:27.431+0000 INFO  [o.n.k.i.DiagnosticsManager]  [classpath + loader.0] file:/Users/vishrant/RubyProjects/predict_disease/db/neo4j/development/lib/neo4j-cypher-compiler-2.3-2.3.10.jar
2017-05-10 18:50:27.431+0000 INFO  [o.n.k.i.DiagnosticsManager]  [loader.1] file:/Library/Java/JavaVirtualMachines/jdk1.8.0_121.jdk/Contents/Home/jre/lib/ext/cldrdata.jar
2017-05-10 18:50:27.431+0000 INFO  [o.n.k.i.DiagnosticsManager]  [classpath + loader.0] file:/Users/vishrant/RubyProjects/predict_disease/db/neo4j/development/lib/opencsv-2.3.jar
2017-05-10 18:50:27.431+0000 INFO  [o.n.k.i.DiagnosticsManager] Library path:
2017-05-10 18:50:27.431+0000 INFO  [o.n.k.i.DiagnosticsManager] /Users/vishrant/Library/Java/Extensions
2017-05-10 18:50:27.431+0000 INFO  [o.n.k.i.DiagnosticsManager] /Library/Java/Extensions
2017-05-10 18:50:27.431+0000 INFO  [o.n.k.i.DiagnosticsManager] /Network/Library/Java/Extensions
2017-05-10 18:50:27.431+0000 INFO  [o.n.k.i.DiagnosticsManager] /System/Library/Java/Extensions
2017-05-10 18:50:27.431+0000 INFO  [o.n.k.i.DiagnosticsManager] /usr/lib/java
2017-05-10 18:50:27.432+0000 INFO  [o.n.k.i.DiagnosticsManager] /Users/vishrant/RubyProjects/predict_disease
2017-05-10 18:50:27.432+0000 INFO  [o.n.k.i.DiagnosticsManager] System.properties:
2017-05-10 18:50:27.434+0000 INFO  [o.n.k.i.DiagnosticsManager] sun.boot.library.path = /Library/Java/JavaVirtualMachines/jdk1.8.0_121.jdk/Contents/Home/jre/lib
2017-05-10 18:50:27.434+0000 INFO  [o.n.k.i.DiagnosticsManager] user.country.format = IN
2017-05-10 18:50:27.434+0000 INFO  [o.n.k.i.DiagnosticsManager] gopherProxySet = false
2017-05-10 18:50:27.434+0000 INFO  [o.n.k.i.DiagnosticsManager] path.separator = :
2017-05-10 18:50:27.434+0000 INFO  [o.n.k.i.DiagnosticsManager] file.encoding.pkg = sun.io
2017-05-10 18:50:27.434+0000 INFO  [o.n.k.i.DiagnosticsManager] user.country = US
2017-05-10 18:50:27.434+0000 INFO  [o.n.k.i.DiagnosticsManager] sun.java.launcher = SUN_STANDARD
2017-05-10 18:50:27.434+0000 INFO  [o.n.k.i.DiagnosticsManager] sun.os.patch.level = unknown
2017-05-10 18:50:27.435+0000 INFO  [o.n.k.i.DiagnosticsManager] user.dir = /Users/vishrant/RubyProjects/predict_disease
2017-05-10 18:50:27.435+0000 INFO  [o.n.k.i.DiagnosticsManager] sun.jnu.encoding = UTF-8
2017-05-10 18:50:27.435+0000 INFO  [o.n.k.i.DiagnosticsManager] unsupported.dbms.udc.source = tarball
2017-05-10 18:50:27.435+0000 INFO  [o.n.k.i.DiagnosticsManager] sun.management.compiler = HotSpot 64-Bit Tiered Compilers
2017-05-10 18:50:27.435+0000 INFO  [o.n.k.i.DiagnosticsManager] http.nonProxyHosts = local|*.local|169.254/16|*.169.254/16
2017-05-10 18:50:27.435+0000 INFO  [o.n.k.i.DiagnosticsManager] user.home = /Users/vishrant
2017-05-10 18:50:27.435+0000 INFO  [o.n.k.i.DiagnosticsManager] user.timezone = Asia/Kolkata
2017-05-10 18:50:27.435+0000 INFO  [o.n.k.i.DiagnosticsManager] file.encoding = UTF-8
2017-05-10 18:50:27.435+0000 INFO  [o.n.k.i.DiagnosticsManager] user.name = vishrant
2017-05-10 18:50:27.435+0000 INFO  [o.n.k.i.DiagnosticsManager] sun.java.command = org.neo4j.server.CommunityEntryPoint --home-dir=/Users/vishrant/RubyProjects/predict_disease/db/neo4j/development --config-dir=/Users/vishrant/RubyProjects/predict_disease/db/neo4j/development/conf
2017-05-10 18:50:27.435+0000 INFO  [o.n.k.i.DiagnosticsManager] sun.arch.data.model = 64
2017-05-10 18:50:27.435+0000 INFO  [o.n.k.i.DiagnosticsManager] user.language = en
2017-05-10 18:50:27.435+0000 INFO  [o.n.k.i.DiagnosticsManager] awt.toolkit = sun.lwawt.macosx.LWCToolkit
2017-05-10 18:50:27.435+0000 INFO  [o.n.k.i.DiagnosticsManager] jdk.tls.ephemeralDHKeySize = 2048
2017-05-10 18:50:27.435+0000 INFO  [o.n.k.i.DiagnosticsManager] file.separator = /
2017-05-10 18:50:27.435+0000 INFO  [o.n.k.i.DiagnosticsManager] sun.io.unicode.encoding = UnicodeBig
2017-05-10 18:50:27.435+0000 INFO  [o.n.k.i.DiagnosticsManager] sun.cpu.endian = little
2017-05-10 18:50:27.436+0000 INFO  [o.n.k.i.DiagnosticsManager] socksNonProxyHosts = local|*.local|169.254/16|*.169.254/16
2017-05-10 18:50:27.436+0000 INFO  [o.n.k.i.DiagnosticsManager] ftp.nonProxyHosts = local|*.local|169.254/16|*.169.254/16
2017-05-10 18:50:27.436+0000 INFO  [o.n.k.i.DiagnosticsManager] sun.cpu.isalist = 
2017-05-10 18:50:27.436+0000 INFO  [o.n.k.i.DiagnosticsManager] Network information:
2017-05-10 18:50:27.449+0000 INFO  [o.n.k.i.DiagnosticsManager] Interface utun0:
2017-05-10 18:50:27.449+0000 INFO  [o.n.k.i.DiagnosticsManager]     address: fe80:0:0:0:8ff9:a679:dfa6:f80c%utun0
2017-05-10 18:50:27.449+0000 INFO  [o.n.k.i.DiagnosticsManager] Interface awdl0:
2017-05-10 18:50:27.449+0000 INFO  [o.n.k.i.DiagnosticsManager]     address: fe80:0:0:0:8030:95ff:fe13:60e7%awdl0
2017-05-10 18:50:27.449+0000 INFO  [o.n.k.i.DiagnosticsManager] Interface en0:
2017-05-10 18:50:27.449+0000 INFO  [o.n.k.i.DiagnosticsManager]     address: fe80:0:0:0:18b3:39d5:76a4:ff1f%en0
2017-05-10 18:50:27.450+0000 INFO  [o.n.k.i.DiagnosticsManager]     address: 192.168.81.144
2017-05-10 18:50:27.450+0000 INFO  [o.n.k.i.DiagnosticsManager] Interface lo0:
2017-05-10 18:50:27.450+0000 INFO  [o.n.k.i.DiagnosticsManager]     address: fe80:0:0:0:0:0:0:1%lo0
2017-05-10 18:50:27.450+0000 INFO  [o.n.k.i.DiagnosticsManager]     address: 0:0:0:0:0:0:0:1
2017-05-10 18:50:27.450+0000 INFO  [o.n.k.i.DiagnosticsManager]     address: 127.0.0.1
2017-05-10 18:50:27.450+0000 INFO  [o.n.k.i.DiagnosticsManager] --- INITIALIZED diagnostics END ---
2017-05-10 18:50:27.684+0000 INFO  [o.n.b.v.r.WorkerFactory] No SSL certificate found, generating a self-signed certificate..
2017-05-10 18:50:30.760+0000 INFO  [o.n.b.v.r.WorkerFactory] Bolt Server extension loaded.
2017-05-10 18:50:30.761+0000 INFO  [o.n.b.v.r.WorkerFactory] Bolt enabled on localhost:7472.
2017-05-10 18:50:31.444+0000 INFO  [o.n.k.i.s.f.RecordFormatSelector] Selected format 'RecordFormat:StandardV3_0[v0.A.7]' for the new store
2017-05-10 18:50:33.526+0000 INFO  [o.n.k.i.a.i.IndexingService] IndexingService.init: indexes not specifically mentioned above are null
2017-05-10 18:50:33.527+0000 INFO  [o.n.k.a.i.l.LuceneLabelScanStore] No lucene scan store index found, this might just be first use. Preparing to rebuild.
2017-05-10 18:50:34.649+0000 INFO  [o.n.k.NeoStoreDataSource] Opened logical log [/Users/vishrant/RubyProjects/predict_disease/db/neo4j/development/data/databases/graph.db/neostore.transaction.db.0] version=0, lastTxId=1 (clean)
2017-05-10 18:50:34.679+0000 INFO  [o.n.k.NeoStoreDataSource] No commits found after last check point (which is at <no log position given>)
2017-05-10 18:50:34.798+0000 WARN  [o.n.k.i.s.MetaDataStore] Missing counts store, rebuilding it.
2017-05-10 18:50:35.111+0000 INFO  [o.n.k.i.a.i.IndexingService] IndexingService.start: indexes not specifically mentioned above are null
2017-05-10 18:50:35.118+0000 INFO  [o.n.k.a.i.l.LuceneLabelScanStore] Rebuilding lucene scan store, this may take a while
2017-05-10 18:50:35.243+0000 INFO  [o.n.k.a.i.l.LuceneLabelScanStore] Lucene scan store rebuilt (roughly 0 nodes)
2017-05-10 18:50:35.254+0000 INFO  [o.n.k.i.DatabaseHealth] Database health set to OK
2017-05-10 18:50:41.921+0000 INFO  [o.n.k.AvailabilityGuard] Fulfilling of requirement makes database available: Database available
2017-05-10 18:50:41.928+0000 INFO  [o.n.k.i.f.GraphDatabaseFacadeFactory] Database is now ready
2017-05-10 18:50:41.935+0000 INFO  [o.n.k.i.DiagnosticsManager] --- STARTED diagnostics for KernelDiagnostics:Versions START ---
2017-05-10 18:50:41.935+0000 INFO  [o.n.k.i.DiagnosticsManager] Graph Database: community single StoreId{creationTime=1494442232350, randomId=4705610393981296487, storeVersion=15531981201765894, upgradeTime=1494442232350, upgradeId=1}
2017-05-10 18:50:41.936+0000 INFO  [o.n.k.i.DiagnosticsManager] Kernel version: 3.1.4,60fe88da04fba93337df0cc6b4ce44c514e1f1d6
2017-05-10 18:50:41.936+0000 INFO  [o.n.k.i.DiagnosticsManager] --- STARTED diagnostics for KernelDiagnostics:Versions END ---
2017-05-10 18:50:41.963+0000 INFO  [o.n.k.i.DiagnosticsManager] --- STARTED diagnostics for NEO_STORE_VERSIONS START ---
2017-05-10 18:50:41.964+0000 INFO  [o.n.k.i.DiagnosticsManager] Store versions:
2017-05-10 18:50:41.965+0000 INFO  [o.n.k.i.DiagnosticsManager] Store versions:
2017-05-10 18:50:41.966+0000 INFO  [o.n.k.i.DiagnosticsManager]   ArrayPropertyStore v0.A.7
2017-05-10 18:50:41.966+0000 INFO  [o.n.k.i.DiagnosticsManager]   NodeStore v0.A.7
2017-05-10 18:50:41.966+0000 INFO  [o.n.k.i.DiagnosticsManager]   StringPropertyStore v0.A.7
2017-05-10 18:50:41.966+0000 INFO  [o.n.k.i.DiagnosticsManager]   PropertyIndexStore v0.A.7
2017-05-10 18:50:41.967+0000 INFO  [o.n.k.i.DiagnosticsManager]   StringPropertyStore v0.A.7
2017-05-10 18:50:41.967+0000 INFO  [o.n.k.i.DiagnosticsManager]   ArrayPropertyStore v0.A.7
2017-05-10 18:50:41.967+0000 INFO  [o.n.k.i.DiagnosticsManager]   PropertyStore v0.A.7
2017-05-10 18:50:41.967+0000 INFO  [o.n.k.i.DiagnosticsManager]   RelationshipStore v0.A.7
2017-05-10 18:50:41.967+0000 INFO  [o.n.k.i.DiagnosticsManager]   StringPropertyStore v0.A.7
2017-05-10 18:50:41.967+0000 INFO  [o.n.k.i.DiagnosticsManager]   RelationshipTypeStore v0.A.7
2017-05-10 18:50:41.967+0000 INFO  [o.n.k.i.DiagnosticsManager]   StringPropertyStore v0.A.7
2017-05-10 18:50:41.968+0000 INFO  [o.n.k.i.DiagnosticsManager]   LabelTokenStore v0.A.7
2017-05-10 18:50:41.970+0000 INFO  [o.n.k.i.DiagnosticsManager]   SchemaStore v0.A.7
2017-05-10 18:50:41.971+0000 INFO  [o.n.k.i.DiagnosticsManager]   RelationshipGroupStore v0.A.7
2017-05-10 18:50:41.972+0000 INFO  [o.n.k.i.DiagnosticsManager]   NeoStore v0.A.7
2017-05-10 18:50:41.972+0000 INFO  [o.n.k.i.DiagnosticsManager] --- STARTED diagnostics for NEO_STORE_VERSIONS END ---
2017-05-10 18:50:41.972+0000 INFO  [o.n.k.i.DiagnosticsManager] --- STARTED diagnostics for NEO_STORE_ID_USAGE START ---
2017-05-10 18:50:41.972+0000 INFO  [o.n.k.i.DiagnosticsManager] Id usage:
2017-05-10 18:50:41.973+0000 INFO  [o.n.k.i.DiagnosticsManager] Id usage:
2017-05-10 18:50:41.988+0000 INFO  [o.n.k.i.DiagnosticsManager]   ArrayPropertyStore: used=1 high=0
2017-05-10 18:50:41.988+0000 INFO  [o.n.k.i.DiagnosticsManager]   NodeStore: used=0 high=-1
2017-05-10 18:50:41.988+0000 INFO  [o.n.k.i.DiagnosticsManager]   StringPropertyStore: used=1 high=0
2017-05-10 18:50:41.989+0000 INFO  [o.n.k.i.DiagnosticsManager]   PropertyIndexStore: used=0 high=-1
2017-05-10 18:50:42.008+0000 INFO  [o.n.k.i.DiagnosticsManager]   StringPropertyStore: used=1 high=0
2017-05-10 18:50:42.023+0000 INFO  [o.n.k.i.DiagnosticsManager]   ArrayPropertyStore: used=1 high=0
2017-05-10 18:50:42.023+0000 INFO  [o.n.k.i.DiagnosticsManager]   PropertyStore: used=0 high=-1
2017-05-10 18:50:42.023+0000 INFO  [o.n.k.i.DiagnosticsManager]   RelationshipStore: used=0 high=-1
2017-05-10 18:50:42.024+0000 INFO  [o.n.k.i.DiagnosticsManager]   StringPropertyStore: used=1 high=0
2017-05-10 18:50:42.024+0000 INFO  [o.n.k.i.DiagnosticsManager]   RelationshipTypeStore: used=0 high=-1
2017-05-10 18:50:42.027+0000 INFO  [o.n.k.i.DiagnosticsManager]   StringPropertyStore: used=1 high=0
2017-05-10 18:50:42.027+0000 INFO  [o.n.k.i.DiagnosticsManager]   LabelTokenStore: used=0 high=-1
2017-05-10 18:50:42.027+0000 INFO  [o.n.k.i.DiagnosticsManager]   SchemaStore: used=1 high=0
2017-05-10 18:50:42.028+0000 INFO  [o.n.k.i.DiagnosticsManager]   RelationshipGroupStore: used=1 high=0
2017-05-10 18:50:42.028+0000 INFO  [o.n.k.i.DiagnosticsManager]   NeoStore: used=15 high=14
2017-05-10 18:50:42.029+0000 INFO  [o.n.k.i.DiagnosticsManager] --- STARTED diagnostics for NEO_STORE_ID_USAGE END ---
2017-05-10 18:50:42.032+0000 INFO  [o.n.k.i.DiagnosticsManager] --- STARTED diagnostics for NEO_STORE_RECORDS START ---
2017-05-10 18:50:42.033+0000 INFO  [o.n.k.i.DiagnosticsManager] Neostore records:
2017-05-10 18:50:42.086+0000 INFO  [o.n.k.i.DiagnosticsManager] TIME (Creation time): 1494442232350
2017-05-10 18:50:42.086+0000 INFO  [o.n.k.i.DiagnosticsManager] RANDOM_NUMBER (Random number for store id): 4705610393981296487
2017-05-10 18:50:42.086+0000 INFO  [o.n.k.i.DiagnosticsManager] LOG_VERSION (Current log version): 0
2017-05-10 18:50:42.087+0000 INFO  [o.n.k.i.DiagnosticsManager] LAST_TRANSACTION_ID (Last committed transaction): 1
2017-05-10 18:50:42.093+0000 INFO  [o.n.k.i.DiagnosticsManager] STORE_VERSION (Store format version): 15531981201765894
2017-05-10 18:50:42.097+0000 INFO  [o.n.k.i.DiagnosticsManager] FIRST_GRAPH_PROPERTY (First property record containing graph properties): -1
2017-05-10 18:50:42.099+0000 INFO  [o.n.k.i.DiagnosticsManager] LAST_CONSTRAINT_TRANSACTION (Last committed transaction containing constraint changes): 0
2017-05-10 18:50:42.099+0000 INFO  [o.n.k.i.DiagnosticsManager] UPGRADE_TRANSACTION_ID (Transaction id most recent upgrade was performed at): 1
2017-05-10 18:50:42.101+0000 INFO  [o.n.k.i.DiagnosticsManager] UPGRADE_TIME (Time of last upgrade): 1494442232350
2017-05-10 18:50:42.103+0000 INFO  [o.n.k.i.DiagnosticsManager] LAST_TRANSACTION_CHECKSUM (Checksum of last committed transaction): 0
2017-05-10 18:50:42.103+0000 INFO  [o.n.k.i.DiagnosticsManager] UPGRADE_TRANSACTION_CHECKSUM (Checksum of transaction id the most recent upgrade was performed at): 0
2017-05-10 18:50:42.104+0000 INFO  [o.n.k.i.DiagnosticsManager] LAST_CLOSED_TRANSACTION_LOG_VERSION (Log version where the last transaction commit entry has been written into): 0
2017-05-10 18:50:42.104+0000 INFO  [o.n.k.i.DiagnosticsManager] LAST_CLOSED_TRANSACTION_LOG_BYTE_OFFSET (Byte offset in the log file where the last transaction commit entry has been written into): 16
2017-05-10 18:50:42.104+0000 INFO  [o.n.k.i.DiagnosticsManager] LAST_TRANSACTION_COMMIT_TIMESTAMP (Commit time timestamp for last committed transaction): 0
2017-05-10 18:50:42.104+0000 INFO  [o.n.k.i.DiagnosticsManager] UPGRADE_TRANSACTION_COMMIT_TIMESTAMP (Commit timestamp of transaction the most recent upgrade was performed at): 0
2017-05-10 18:50:42.104+0000 INFO  [o.n.k.i.DiagnosticsManager] --- STARTED diagnostics for NEO_STORE_RECORDS END ---
2017-05-10 18:50:42.111+0000 INFO  [o.n.k.i.DiagnosticsManager] --- STARTED diagnostics for TRANSACTION_RANGE START ---
2017-05-10 18:50:42.111+0000 INFO  [o.n.k.i.DiagnosticsManager] Transaction log:
2017-05-10 18:50:42.121+0000 INFO  [o.n.k.i.DiagnosticsManager] No transactions found in any log
2017-05-10 18:50:42.122+0000 INFO  [o.n.k.i.DiagnosticsManager] --- STARTED diagnostics for TRANSACTION_RANGE END ---
2017-05-10 18:50:42.123+0000 INFO  [o.n.k.i.DiagnosticsManager] --- STARTED diagnostics for KernelDiagnostics:StoreFiles START ---
2017-05-10 18:50:42.130+0000 INFO  [o.n.k.i.DiagnosticsManager] Disk space on partition (Total / Free / Free %): 120101797888 / 81703473152 / 68
Storage files: (filename : modification date - size)
2017-05-10 18:50:42.136+0000 INFO  [o.n.k.i.DiagnosticsManager]   index:
2017-05-10 18:50:42.137+0000 INFO  [o.n.k.i.DiagnosticsManager]   - Total: 2017-05-11T00:20:33+0530 - 0.00 B
2017-05-10 18:50:42.145+0000 INFO  [o.n.k.i.DiagnosticsManager]   neostore: 2017-05-11T00:20:32+0530 - 8.00 kB
2017-05-10 18:50:42.154+0000 INFO  [o.n.k.i.DiagnosticsManager]   neostore.counts.db.a: 2017-05-11T00:20:35+0530 - 96.00 B
2017-05-10 18:50:42.155+0000 INFO  [o.n.k.i.DiagnosticsManager]   neostore.id: 2017-05-11T00:20:32+0530 - 9.00 B
2017-05-10 18:50:42.155+0000 INFO  [o.n.k.i.DiagnosticsManager]   neostore.labeltokenstore.db: 2017-05-11T00:20:32+0530 - 0.00 B
2017-05-10 18:50:42.155+0000 INFO  [o.n.k.i.DiagnosticsManager]   neostore.labeltokenstore.db.id: 2017-05-11T00:20:32+0530 - 9.00 B
2017-05-10 18:50:42.156+0000 INFO  [o.n.k.i.DiagnosticsManager]   neostore.labeltokenstore.db.names: 2017-05-11T00:20:32+0530 - 8.00 kB
2017-05-10 18:50:42.156+0000 INFO  [o.n.k.i.DiagnosticsManager]   neostore.labeltokenstore.db.names.id: 2017-05-11T00:20:32+0530 - 9.00 B
2017-05-10 18:50:42.156+0000 INFO  [o.n.k.i.DiagnosticsManager]   neostore.nodestore.db: 2017-05-11T00:20:31+0530 - 0.00 B
2017-05-10 18:50:42.156+0000 INFO  [o.n.k.i.DiagnosticsManager]   neostore.nodestore.db.id: 2017-05-11T00:20:31+0530 - 9.00 B
2017-05-10 18:50:42.157+0000 INFO  [o.n.k.i.DiagnosticsManager]   neostore.nodestore.db.labels: 2017-05-11T00:20:31+0530 - 8.00 kB
2017-05-10 18:50:42.190+0000 INFO  [o.n.k.i.DiagnosticsManager]   neostore.nodestore.db.labels.id: 2017-05-11T00:20:31+0530 - 9.00 B
2017-05-10 18:50:42.191+0000 INFO  [o.n.k.i.DiagnosticsManager]   neostore.propertystore.db: 2017-05-11T00:20:32+0530 - 0.00 B
2017-05-10 18:50:42.191+0000 INFO  [o.n.k.i.DiagnosticsManager]   neostore.propertystore.db.arrays: 2017-05-11T00:20:32+0530 - 8.00 kB
2017-05-10 18:50:42.204+0000 INFO  [o.n.k.i.DiagnosticsManager]   neostore.propertystore.db.arrays.id: 2017-05-11T00:20:32+0530 - 9.00 B
2017-05-10 18:50:42.204+0000 INFO  [o.n.k.i.DiagnosticsManager]   neostore.propertystore.db.id: 2017-05-11T00:20:32+0530 - 9.00 B
2017-05-10 18:50:42.204+0000 INFO  [o.n.k.i.DiagnosticsManager]   neostore.propertystore.db.index: 2017-05-11T00:20:32+0530 - 0.00 B
2017-05-10 18:50:42.205+0000 INFO  [o.n.k.i.DiagnosticsManager]   neostore.propertystore.db.index.id: 2017-05-11T00:20:32+0530 - 9.00 B
2017-05-10 18:50:42.205+0000 INFO  [o.n.k.i.DiagnosticsManager]   neostore.propertystore.db.index.keys: 2017-05-11T00:20:31+0530 - 8.00 kB
2017-05-10 18:50:42.205+0000 INFO  [o.n.k.i.DiagnosticsManager]   neostore.propertystore.db.index.keys.id: 2017-05-11T00:20:32+0530 - 9.00 B
2017-05-10 18:50:42.206+0000 INFO  [o.n.k.i.DiagnosticsManager]   neostore.propertystore.db.strings: 2017-05-11T00:20:32+0530 - 8.00 kB
2017-05-10 18:50:42.206+0000 INFO  [o.n.k.i.DiagnosticsManager]   neostore.propertystore.db.strings.id: 2017-05-11T00:20:32+0530 - 9.00 B
2017-05-10 18:50:42.207+0000 INFO  [o.n.k.i.DiagnosticsManager]   neostore.relationshipgroupstore.db: 2017-05-11T00:20:32+0530 - 8.00 kB
2017-05-10 18:50:42.207+0000 INFO  [o.n.k.i.DiagnosticsManager]   neostore.relationshipgroupstore.db.id: 2017-05-11T00:20:32+0530 - 9.00 B
2017-05-10 18:50:42.207+0000 INFO  [o.n.k.i.DiagnosticsManager]   neostore.relationshipstore.db: 2017-05-11T00:20:32+0530 - 0.00 B
2017-05-10 18:50:42.208+0000 INFO  [o.n.k.i.DiagnosticsManager]   neostore.relationshipstore.db.id: 2017-05-11T00:20:32+0530 - 9.00 B
2017-05-10 18:50:42.208+0000 INFO  [o.n.k.i.DiagnosticsManager]   neostore.relationshiptypestore.db: 2017-05-11T00:20:32+0530 - 0.00 B
2017-05-10 18:50:42.208+0000 INFO  [o.n.k.i.DiagnosticsManager]   neostore.relationshiptypestore.db.id: 2017-05-11T00:20:32+0530 - 9.00 B
2017-05-10 18:50:42.208+0000 INFO  [o.n.k.i.DiagnosticsManager]   neostore.relationshiptypestore.db.names: 2017-05-11T00:20:32+0530 - 8.00 kB
2017-05-10 18:50:42.209+0000 INFO  [o.n.k.i.DiagnosticsManager]   neostore.relationshiptypestore.db.names.id: 2017-05-11T00:20:32+0530 - 9.00 B
2017-05-10 18:50:42.209+0000 INFO  [o.n.k.i.DiagnosticsManager]   neostore.schemastore.db: 2017-05-11T00:20:32+0530 - 8.00 kB
2017-05-10 18:50:42.209+0000 INFO  [o.n.k.i.DiagnosticsManager]   neostore.schemastore.db.id: 2017-05-11T00:20:32+0530 - 9.00 B
2017-05-10 18:50:42.210+0000 INFO  [o.n.k.i.DiagnosticsManager]   neostore.transaction.db.0: 2017-05-11T00:20:34+0530 - 16.00 B
2017-05-10 18:50:42.210+0000 INFO  [o.n.k.i.DiagnosticsManager]   schema:
2017-05-10 18:50:42.210+0000 INFO  [o.n.k.i.DiagnosticsManager]     label:
2017-05-10 18:50:42.210+0000 INFO  [o.n.k.i.DiagnosticsManager]       lucene:
2017-05-10 18:50:42.210+0000 INFO  [o.n.k.i.DiagnosticsManager]         labelStore:
2017-05-10 18:50:42.211+0000 INFO  [o.n.k.i.DiagnosticsManager]           1:
2017-05-10 18:50:42.211+0000 INFO  [o.n.k.i.DiagnosticsManager]             write.lock: 2017-05-11T00:20:34+0530 - 0.00 B
2017-05-10 18:50:42.212+0000 INFO  [o.n.k.i.DiagnosticsManager]           - Total: 2017-05-11T00:20:34+0530 - 0.00 B
2017-05-10 18:50:42.212+0000 INFO  [o.n.k.i.DiagnosticsManager]           failure-message: 2017-05-11T00:20:33+0530 - 16.00 kB
2017-05-10 18:50:42.212+0000 INFO  [o.n.k.i.DiagnosticsManager]         - Total: 2017-05-11T00:20:33+0530 - 16.00 kB
2017-05-10 18:50:42.212+0000 INFO  [o.n.k.i.DiagnosticsManager]       - Total: 2017-05-11T00:20:33+0530 - 16.00 kB
2017-05-10 18:50:42.212+0000 INFO  [o.n.k.i.DiagnosticsManager]     - Total: 2017-05-11T00:20:33+0530 - 16.00 kB
2017-05-10 18:50:42.212+0000 INFO  [o.n.k.i.DiagnosticsManager]   - Total: 2017-05-11T00:20:33+0530 - 16.00 kB
2017-05-10 18:50:42.213+0000 INFO  [o.n.k.i.DiagnosticsManager]   store_lock: 2017-05-11T00:20:31+0530 - 0.00 B
2017-05-10 18:50:42.213+0000 INFO  [o.n.k.i.DiagnosticsManager] --- STARTED diagnostics for KernelDiagnostics:StoreFiles END ---
2017-05-10 18:50:59.473+0000 INFO  [o.n.k.i.DiagnosticsManager] --- SERVER STARTED START ---
2017-05-10 18:51:07.147+0000 INFO  [o.n.k.i.DiagnosticsManager] --- SERVER STARTED END ---
2017-05-10 19:36:03.473+0000 WARN  [o.n.k.i.c.MonitorGc] GC Monitor: Application threads blocked for 277ms.
2017-05-10 20:44:41.657+0000 WARN  [o.n.k.i.c.MonitorGc] GC Monitor: Application threads blocked for 553ms.
2017-05-10 21:39:04.486+0000 INFO  [o.n.k.i.a.i.IndexPopulationJob] Index population started: [:Neo4j::Migrations::SchemaMigration(migration_id) [provider: {key=lucene, version=1.0}]]
2017-05-10 21:39:04.662+0000 INFO  [o.n.k.i.a.i.IndexPopulationJob] Completed node store scan. Flushing all pending updates.
BatchingMultipleIndexPopulator{activeTasks=0, executor=java.util.concurrent.ThreadPoolExecutor@6cfc9fae[Running, pool size = 0, active threads = 0, queued tasks = 0, completed tasks = 0], batchedUpdates = [], queuedUpdates = 0}
2017-05-10 21:39:04.662+0000 INFO  [o.n.k.i.a.i.IndexPopulationJob] Shutting down executor.
BatchingMultipleIndexPopulator{activeTasks=0, executor=java.util.concurrent.ThreadPoolExecutor@6cfc9fae[Running, pool size = 0, active threads = 0, queued tasks = 0, completed tasks = 0], batchedUpdates = [], queuedUpdates = 0}
2017-05-10 21:39:04.861+0000 INFO  [o.n.k.i.a.i.IndexPopulationJob] Index population completed. Index is now online: [:Neo4j::Migrations::SchemaMigration(migration_id) [provider: {key=lucene, version=1.0}]]
2017-05-10 21:39:07.923+0000 INFO  [o.n.k.i.a.i.IndexPopulationJob] Index population started: [:Symptom(uuid) [provider: {key=lucene, version=1.0}]]
2017-05-10 21:39:07.928+0000 INFO  [o.n.k.i.a.i.IndexPopulationJob] Completed node store scan. Flushing all pending updates.
BatchingMultipleIndexPopulator{activeTasks=0, executor=java.util.concurrent.ThreadPoolExecutor@1d4d9c3e[Running, pool size = 0, active threads = 0, queued tasks = 0, completed tasks = 0], batchedUpdates = [], queuedUpdates = 0}
2017-05-10 21:39:07.928+0000 INFO  [o.n.k.i.a.i.IndexPopulationJob] Shutting down executor.
BatchingMultipleIndexPopulator{activeTasks=0, executor=java.util.concurrent.ThreadPoolExecutor@1d4d9c3e[Running, pool size = 0, active threads = 0, queued tasks = 0, completed tasks = 0], batchedUpdates = [], queuedUpdates = 0}
2017-05-10 21:39:07.935+0000 INFO  [o.n.k.i.a.i.IndexPopulationJob] Index population completed. Index is now online: [:Symptom(uuid) [provider: {key=lucene, version=1.0}]]
2017-05-10 21:39:08.558+0000 INFO  [o.n.k.i.t.l.c.CheckPointerImpl] Check Pointing triggered by scheduler for time threshold [12]:  Starting check pointing...
2017-05-10 21:39:08.558+0000 INFO  [o.n.k.i.t.l.c.CheckPointerImpl] Check Pointing triggered by scheduler for time threshold [12]:  Starting store flush...
2017-05-10 21:39:08.625+0000 INFO  [o.n.k.i.s.c.CountsTracker] About to rotate counts store at transaction 12 to [/Users/vishrant/RubyProjects/predict_disease/db/neo4j/development/data/databases/graph.db/neostore.counts.db.b], from [/Users/vishrant/RubyProjects/predict_disease/db/neo4j/development/data/databases/graph.db/neostore.counts.db.a].
2017-05-10 21:39:08.626+0000 INFO  [o.n.k.i.s.c.CountsTracker] Successfully rotated counts store at transaction 12 to [/Users/vishrant/RubyProjects/predict_disease/db/neo4j/development/data/databases/graph.db/neostore.counts.db.b], from [/Users/vishrant/RubyProjects/predict_disease/db/neo4j/development/data/databases/graph.db/neostore.counts.db.a].
2017-05-10 21:39:08.656+0000 INFO  [o.n.k.i.t.l.c.CheckPointerImpl] Check Pointing triggered by scheduler for time threshold [12]:  Store flush completed
2017-05-10 21:39:08.656+0000 INFO  [o.n.k.i.t.l.c.CheckPointerImpl] Check Pointing triggered by scheduler for time threshold [12]:  Starting appending check point entry into the tx log...
2017-05-10 21:39:08.659+0000 INFO  [o.n.k.i.t.l.c.CheckPointerImpl] Check Pointing triggered by scheduler for time threshold [12]:  Appending check point entry into the tx log completed
2017-05-10 21:39:08.659+0000 INFO  [o.n.k.i.t.l.c.CheckPointerImpl] Check Pointing triggered by scheduler for time threshold [12]:  Check pointing completed
2017-05-10 21:39:08.659+0000 INFO  [o.n.k.i.t.l.p.LogPruningImpl] Log Rotation [0]:  Starting log pruning.
2017-05-10 21:39:08.659+0000 INFO  [o.n.k.i.t.l.p.LogPruningImpl] Log Rotation [0]:  Log pruning complete.
2017-05-10 21:44:08.741+0000 INFO  [o.n.k.i.t.l.c.CheckPointerImpl] Check Pointing triggered by scheduler for time threshold [16]:  Starting check pointing...
2017-05-10 21:44:08.744+0000 INFO  [o.n.k.i.t.l.c.CheckPointerImpl] Check Pointing triggered by scheduler for time threshold [16]:  Starting store flush...
2017-05-10 21:44:08.790+0000 INFO  [o.n.k.i.s.c.CountsTracker] About to rotate counts store at transaction 16 to [/Users/vishrant/RubyProjects/predict_disease/db/neo4j/development/data/databases/graph.db/neostore.counts.db.a], from [/Users/vishrant/RubyProjects/predict_disease/db/neo4j/development/data/databases/graph.db/neostore.counts.db.b].
2017-05-10 21:44:08.796+0000 INFO  [o.n.k.i.s.c.CountsTracker] Successfully rotated counts store at transaction 16 to [/Users/vishrant/RubyProjects/predict_disease/db/neo4j/development/data/databases/graph.db/neostore.counts.db.a], from [/Users/vishrant/RubyProjects/predict_disease/db/neo4j/development/data/databases/graph.db/neostore.counts.db.b].
2017-05-10 21:44:08.812+0000 INFO  [o.n.k.i.t.l.c.CheckPointerImpl] Check Pointing triggered by scheduler for time threshold [16]:  Store flush completed
2017-05-10 21:44:08.812+0000 INFO  [o.n.k.i.t.l.c.CheckPointerImpl] Check Pointing triggered by scheduler for time threshold [16]:  Starting appending check point entry into the tx log...
2017-05-10 21:44:08.816+0000 INFO  [o.n.k.i.t.l.c.CheckPointerImpl] Check Pointing triggered by scheduler for time threshold [16]:  Appending check point entry into the tx log completed
2017-05-10 21:44:08.816+0000 INFO  [o.n.k.i.t.l.c.CheckPointerImpl] Check Pointing triggered by scheduler for time threshold [16]:  Check pointing completed
2017-05-10 21:44:08.816+0000 INFO  [o.n.k.i.t.l.p.LogPruningImpl] Log Rotation [0]:  Starting log pruning.
2017-05-10 21:44:08.816+0000 INFO  [o.n.k.i.t.l.p.LogPruningImpl] Log Rotation [0]:  Log pruning complete.
2017-05-10 21:45:12.329+0000 WARN  [o.n.k.i.c.MonitorGc] GC Monitor: Application threads blocked for 262ms.
2017-05-10 22:14:59.607+0000 INFO  [o.n.k.i.t.l.c.CheckPointerImpl] Check Pointing triggered by scheduler for time threshold [17]:  Starting check pointing...
2017-05-10 22:14:59.617+0000 INFO  [o.n.k.i.t.l.c.CheckPointerImpl] Check Pointing triggered by scheduler for time threshold [17]:  Starting store flush...
2017-05-10 22:14:59.658+0000 INFO  [o.n.k.i.s.c.CountsTracker] About to rotate counts store at transaction 17 to [/Users/vishrant/RubyProjects/predict_disease/db/neo4j/development/data/databases/graph.db/neostore.counts.db.b], from [/Users/vishrant/RubyProjects/predict_disease/db/neo4j/development/data/databases/graph.db/neostore.counts.db.a].
2017-05-10 22:14:59.663+0000 INFO  [o.n.k.i.s.c.CountsTracker] Successfully rotated counts store at transaction 17 to [/Users/vishrant/RubyProjects/predict_disease/db/neo4j/development/data/databases/graph.db/neostore.counts.db.b], from [/Users/vishrant/RubyProjects/predict_disease/db/neo4j/development/data/databases/graph.db/neostore.counts.db.a].
2017-05-10 22:14:59.679+0000 INFO  [o.n.k.i.t.l.c.CheckPointerImpl] Check Pointing triggered by scheduler for time threshold [17]:  Store flush completed
2017-05-10 22:14:59.680+0000 INFO  [o.n.k.i.t.l.c.CheckPointerImpl] Check Pointing triggered by scheduler for time threshold [17]:  Starting appending check point entry into the tx log...
2017-05-10 22:14:59.683+0000 INFO  [o.n.k.i.t.l.c.CheckPointerImpl] Check Pointing triggered by scheduler for time threshold [17]:  Appending check point entry into the tx log completed
2017-05-10 22:14:59.683+0000 INFO  [o.n.k.i.t.l.c.CheckPointerImpl] Check Pointing triggered by scheduler for time threshold [17]:  Check pointing completed
2017-05-10 22:14:59.683+0000 INFO  [o.n.k.i.t.l.p.LogPruningImpl] Log Rotation [0]:  Starting log pruning.
2017-05-10 22:14:59.684+0000 INFO  [o.n.k.i.t.l.p.LogPruningImpl] Log Rotation [0]:  Log pruning complete.
2017-05-10 22:15:40.807+0000 INFO  [o.n.c.i.ExecutionEngine] Discarded stale query from the query cache: CALL db.labels() YIELD label
WITH COLLECT(label) AS labels
RETURN 'labels' as a, labels as result
UNION
CALL db.relationshipTypes() YIELD relationshipType
WITH COLLECT(relationshipType) AS relationshipTypes
RETURN 'relationshipTypes'as a, relationshipTypes as result
UNION
CALL db.propertyKeys() YIELD propertyKey
WITH COLLECT(propertyKey) AS propertyKeys
RETURN 'propertyKeys' as a, propertyKeys as result
2017-05-10 22:15:40.944+0000 INFO  [o.n.c.i.CypherCompiler] Discarded stale query from the query cache: CALL db.labels() YIELD label
WITH COLLECT(label) AS labels
RETURN 'labels' as a, labels as result
UNION
CALL db.relationshipTypes() YIELD relationshipType
WITH COLLECT(relationshipType) AS relationshipTypes
RETURN 'relationshipTypes'as a, relationshipTypes as result
UNION
CALL db.propertyKeys() YIELD propertyKey
WITH COLLECT(propertyKey) AS propertyKeys
RETURN 'propertyKeys' as a, propertyKeys as result
2017-05-10 22:15:49.589+0000 INFO  [o.n.c.i.ExecutionEngine] Discarded stale query from the query cache: CREATE (n:`Symptom`) SET n = {props} RETURN n
2017-05-10 22:15:49.634+0000 INFO  [o.n.c.i.CypherCompiler] Discarded stale query from the query cache: CREATE (n:`Symptom`) SET n = {props} RETURN n
2017-05-10 22:16:29.281+0000 INFO  [o.n.c.i.ExecutionEngine] Discarded stale query from the query cache: MATCH (n:`Symptom`) RETURN n
2017-05-10 22:16:29.320+0000 INFO  [o.n.c.i.CypherCompiler] Discarded stale query from the query cache: MATCH (n:`Symptom`) RETURN n
2017-05-10 22:19:59.758+0000 INFO  [o.n.k.i.t.l.c.CheckPointerImpl] Check Pointing triggered by scheduler for time threshold [21]:  Starting check pointing...
2017-05-10 22:19:59.761+0000 INFO  [o.n.k.i.t.l.c.CheckPointerImpl] Check Pointing triggered by scheduler for time threshold [21]:  Starting store flush...
2017-05-10 22:19:59.812+0000 INFO  [o.n.k.i.s.c.CountsTracker] About to rotate counts store at transaction 21 to [/Users/vishrant/RubyProjects/predict_disease/db/neo4j/development/data/databases/graph.db/neostore.counts.db.a], from [/Users/vishrant/RubyProjects/predict_disease/db/neo4j/development/data/databases/graph.db/neostore.counts.db.b].
2017-05-10 22:19:59.817+0000 INFO  [o.n.k.i.s.c.CountsTracker] Successfully rotated counts store at transaction 21 to [/Users/vishrant/RubyProjects/predict_disease/db/neo4j/development/data/databases/graph.db/neostore.counts.db.a], from [/Users/vishrant/RubyProjects/predict_disease/db/neo4j/development/data/databases/graph.db/neostore.counts.db.b].
2017-05-10 22:19:59.832+0000 INFO  [o.n.k.i.t.l.c.CheckPointerImpl] Check Pointing triggered by scheduler for time threshold [21]:  Store flush completed
2017-05-10 22:19:59.832+0000 INFO  [o.n.k.i.t.l.c.CheckPointerImpl] Check Pointing triggered by scheduler for time threshold [21]:  Starting appending check point entry into the tx log...
2017-05-10 22:19:59.835+0000 INFO  [o.n.k.i.t.l.c.CheckPointerImpl] Check Pointing triggered by scheduler for time threshold [21]:  Appending check point entry into the tx log completed
2017-05-10 22:19:59.836+0000 INFO  [o.n.k.i.t.l.c.CheckPointerImpl] Check Pointing triggered by scheduler for time threshold [21]:  Check pointing completed
2017-05-10 22:19:59.836+0000 INFO  [o.n.k.i.t.l.p.LogPruningImpl] Log Rotation [0]:  Starting log pruning.
2017-05-10 22:19:59.836+0000 INFO  [o.n.k.i.t.l.p.LogPruningImpl] Log Rotation [0]:  Log pruning complete.
2017-05-10 22:23:59.628+0000 WARN  [o.n.k.i.c.MonitorGc] GC Monitor: Application threads blocked for 420ms.
2017-05-10 22:45:49.293+0000 WARN  [o.n.k.i.c.MonitorGc] GC Monitor: Application threads blocked for 1632ms.
2017-05-11 01:51:47.018+0000 WARN  [o.n.k.i.c.MonitorGc] GC Monitor: Application threads blocked for 1589ms.
2017-05-11 03:13:30.933+0000 WARN  [o.n.k.i.c.MonitorGc] GC Monitor: Application threads blocked for 26768ms.
2017-05-11 03:49:09.977+0000 WARN  [o.n.k.i.c.MonitorGc] GC Monitor: Application threads blocked for 655ms.
2017-05-11 04:06:00.475+0000 INFO  [o.n.k.i.a.i.IndexPopulationJob] Index population started: [:SymptomOccurence(uuid) [provider: {key=lucene, version=1.0}]]
2017-05-11 04:06:00.497+0000 INFO  [o.n.k.i.a.i.IndexPopulationJob] Completed node store scan. Flushing all pending updates.
BatchingMultipleIndexPopulator{activeTasks=0, executor=java.util.concurrent.ThreadPoolExecutor@75a53272[Running, pool size = 0, active threads = 0, queued tasks = 0, completed tasks = 0], batchedUpdates = [], queuedUpdates = 0}
2017-05-11 04:06:00.498+0000 INFO  [o.n.k.i.a.i.IndexPopulationJob] Shutting down executor.
BatchingMultipleIndexPopulator{activeTasks=0, executor=java.util.concurrent.ThreadPoolExecutor@75a53272[Running, pool size = 0, active threads = 0, queued tasks = 0, completed tasks = 0], batchedUpdates = [], queuedUpdates = 0}
2017-05-11 04:06:00.513+0000 INFO  [o.n.k.i.a.i.IndexPopulationJob] Index population completed. Index is now online: [:SymptomOccurence(uuid) [provider: {key=lucene, version=1.0}]]
2017-05-11 04:06:02.145+0000 INFO  [o.n.k.i.t.l.c.CheckPointerImpl] Check Pointing triggered by scheduler for time threshold [28]:  Starting check pointing...
2017-05-11 04:06:02.145+0000 INFO  [o.n.k.i.t.l.c.CheckPointerImpl] Check Pointing triggered by scheduler for time threshold [28]:  Starting store flush...
2017-05-11 04:06:02.203+0000 INFO  [o.n.k.i.s.c.CountsTracker] About to rotate counts store at transaction 28 to [/Users/vishrant/RubyProjects/predict_disease/db/neo4j/development/data/databases/graph.db/neostore.counts.db.b], from [/Users/vishrant/RubyProjects/predict_disease/db/neo4j/development/data/databases/graph.db/neostore.counts.db.a].
2017-05-11 04:06:02.212+0000 INFO  [o.n.k.i.s.c.CountsTracker] Successfully rotated counts store at transaction 28 to [/Users/vishrant/RubyProjects/predict_disease/db/neo4j/development/data/databases/graph.db/neostore.counts.db.b], from [/Users/vishrant/RubyProjects/predict_disease/db/neo4j/development/data/databases/graph.db/neostore.counts.db.a].
2017-05-11 04:06:02.237+0000 INFO  [o.n.k.i.t.l.c.CheckPointerImpl] Check Pointing triggered by scheduler for time threshold [28]:  Store flush completed
2017-05-11 04:06:02.237+0000 INFO  [o.n.k.i.t.l.c.CheckPointerImpl] Check Pointing triggered by scheduler for time threshold [28]:  Starting appending check point entry into the tx log...
2017-05-11 04:06:02.240+0000 INFO  [o.n.k.i.t.l.c.CheckPointerImpl] Check Pointing triggered by scheduler for time threshold [28]:  Appending check point entry into the tx log completed
2017-05-11 04:06:02.240+0000 INFO  [o.n.k.i.t.l.c.CheckPointerImpl] Check Pointing triggered by scheduler for time threshold [28]:  Check pointing completed
2017-05-11 04:06:02.244+0000 INFO  [o.n.k.i.t.l.p.LogPruningImpl] Log Rotation [0]:  Starting log pruning.
2017-05-11 04:06:02.244+0000 INFO  [o.n.k.i.t.l.p.LogPruningImpl] Log Rotation [0]:  Log pruning complete.
2017-05-11 04:11:02.325+0000 INFO  [o.n.k.i.t.l.c.CheckPointerImpl] Check Pointing triggered by scheduler for time threshold [35]:  Starting check pointing...
2017-05-11 04:11:02.338+0000 INFO  [o.n.k.i.t.l.c.CheckPointerImpl] Check Pointing triggered by scheduler for time threshold [35]:  Starting store flush...
2017-05-11 04:11:02.434+0000 INFO  [o.n.k.i.s.c.CountsTracker] About to rotate counts store at transaction 35 to [/Users/vishrant/RubyProjects/predict_disease/db/neo4j/development/data/databases/graph.db/neostore.counts.db.a], from [/Users/vishrant/RubyProjects/predict_disease/db/neo4j/development/data/databases/graph.db/neostore.counts.db.b].
2017-05-11 04:11:02.445+0000 INFO  [o.n.k.i.s.c.CountsTracker] Successfully rotated counts store at transaction 35 to [/Users/vishrant/RubyProjects/predict_disease/db/neo4j/development/data/databases/graph.db/neostore.counts.db.a], from [/Users/vishrant/RubyProjects/predict_disease/db/neo4j/development/data/databases/graph.db/neostore.counts.db.b].
2017-05-11 04:11:02.461+0000 INFO  [o.n.k.i.t.l.c.CheckPointerImpl] Check Pointing triggered by scheduler for time threshold [35]:  Store flush completed
2017-05-11 04:11:02.461+0000 INFO  [o.n.k.i.t.l.c.CheckPointerImpl] Check Pointing triggered by scheduler for time threshold [35]:  Starting appending check point entry into the tx log...
2017-05-11 04:11:02.464+0000 INFO  [o.n.k.i.t.l.c.CheckPointerImpl] Check Pointing triggered by scheduler for time threshold [35]:  Appending check point entry into the tx log completed
2017-05-11 04:11:02.465+0000 INFO  [o.n.k.i.t.l.c.CheckPointerImpl] Check Pointing triggered by scheduler for time threshold [35]:  Check pointing completed
2017-05-11 04:11:02.465+0000 INFO  [o.n.k.i.t.l.p.LogPruningImpl] Log Rotation [0]:  Starting log pruning.
2017-05-11 04:11:02.465+0000 INFO  [o.n.k.i.t.l.p.LogPruningImpl] Log Rotation [0]:  Log pruning complete.
2017-05-11 04:25:11.379+0000 WARN  [o.n.k.i.c.MonitorGc] GC Monitor: Application threads blocked for 1680ms.
2017-05-11 04:28:44.621+0000 WARN  [o.n.k.i.c.MonitorGc] GC Monitor: Application threads blocked for 480ms.
2017-05-11 04:49:14.344+0000 INFO  [o.n.k.i.a.i.IndexPopulationJob] Index population started: [:SymptomProperty(uuid) [provider: {key=lucene, version=1.0}]]
2017-05-11 04:49:14.356+0000 INFO  [o.n.k.i.a.i.IndexPopulationJob] Completed node store scan. Flushing all pending updates.
BatchingMultipleIndexPopulator{activeTasks=0, executor=java.util.concurrent.ThreadPoolExecutor@17f9dc30[Running, pool size = 0, active threads = 0, queued tasks = 0, completed tasks = 0], batchedUpdates = [], queuedUpdates = 0}
2017-05-11 04:49:14.357+0000 INFO  [o.n.k.i.a.i.IndexPopulationJob] Shutting down executor.
BatchingMultipleIndexPopulator{activeTasks=0, executor=java.util.concurrent.ThreadPoolExecutor@17f9dc30[Running, pool size = 0, active threads = 0, queued tasks = 0, completed tasks = 0], batchedUpdates = [], queuedUpdates = 0}
2017-05-11 04:49:14.369+0000 INFO  [o.n.k.i.a.i.IndexPopulationJob] Index population completed. Index is now online: [:SymptomProperty(uuid) [provider: {key=lucene, version=1.0}]]
2017-05-11 04:49:14.602+0000 INFO  [o.n.k.i.a.i.IndexPopulationJob] Index population started: [:BodyPart(uuid) [provider: {key=lucene, version=1.0}]]
2017-05-11 04:49:14.613+0000 INFO  [o.n.k.i.a.i.IndexPopulationJob] Completed node store scan. Flushing all pending updates.
BatchingMultipleIndexPopulator{activeTasks=0, executor=java.util.concurrent.ThreadPoolExecutor@1c275e8[Running, pool size = 0, active threads = 0, queued tasks = 0, completed tasks = 0], batchedUpdates = [], queuedUpdates = 0}
2017-05-11 04:49:14.614+0000 INFO  [o.n.k.i.a.i.IndexPopulationJob] Shutting down executor.
BatchingMultipleIndexPopulator{activeTasks=0, executor=java.util.concurrent.ThreadPoolExecutor@1c275e8[Running, pool size = 0, active threads = 0, queued tasks = 0, completed tasks = 0], batchedUpdates = [], queuedUpdates = 0}
2017-05-11 04:49:14.621+0000 INFO  [o.n.k.i.a.i.IndexPopulationJob] Index population completed. Index is now online: [:BodyPart(uuid) [provider: {key=lucene, version=1.0}]]
2017-05-11 04:49:14.811+0000 INFO  [o.n.k.i.a.i.IndexPopulationJob] Index population started: [:SymptomTrigger(uuid) [provider: {key=lucene, version=1.0}]]
2017-05-11 04:49:14.817+0000 INFO  [o.n.k.i.a.i.IndexPopulationJob] Completed node store scan. Flushing all pending updates.
BatchingMultipleIndexPopulator{activeTasks=0, executor=java.util.concurrent.ThreadPoolExecutor@382cd5cb[Running, pool size = 0, active threads = 0, queued tasks = 0, completed tasks = 0], batchedUpdates = [], queuedUpdates = 0}
2017-05-11 04:49:14.818+0000 INFO  [o.n.k.i.a.i.IndexPopulationJob] Shutting down executor.
BatchingMultipleIndexPopulator{activeTasks=0, executor=java.util.concurrent.ThreadPoolExecutor@382cd5cb[Running, pool size = 0, active threads = 0, queued tasks = 0, completed tasks = 0], batchedUpdates = [], queuedUpdates = 0}
2017-05-11 04:49:14.828+0000 INFO  [o.n.k.i.a.i.IndexPopulationJob] Index population completed. Index is now online: [:SymptomTrigger(uuid) [provider: {key=lucene, version=1.0}]]
2017-05-11 04:49:15.013+0000 INFO  [o.n.k.i.a.i.IndexPopulationJob] Index population started: [:SymptomRelief(uuid) [provider: {key=lucene, version=1.0}]]
2017-05-11 04:49:15.019+0000 INFO  [o.n.k.i.a.i.IndexPopulationJob] Completed node store scan. Flushing all pending updates.
BatchingMultipleIndexPopulator{activeTasks=0, executor=java.util.concurrent.ThreadPoolExecutor@62be9a47[Running, pool size = 0, active threads = 0, queued tasks = 0, completed tasks = 0], batchedUpdates = [], queuedUpdates = 0}
2017-05-11 04:49:15.019+0000 INFO  [o.n.k.i.a.i.IndexPopulationJob] Shutting down executor.
BatchingMultipleIndexPopulator{activeTasks=0, executor=java.util.concurrent.ThreadPoolExecutor@62be9a47[Running, pool size = 0, active threads = 0, queued tasks = 0, completed tasks = 0], batchedUpdates = [], queuedUpdates = 0}
2017-05-11 04:49:15.025+0000 INFO  [o.n.k.i.a.i.IndexPopulationJob] Index population completed. Index is now online: [:SymptomRelief(uuid) [provider: {key=lucene, version=1.0}]]
2017-05-11 04:49:15.235+0000 INFO  [o.n.k.i.a.i.IndexPopulationJob] Index population started: [:SymptomAccompany(uuid) [provider: {key=lucene, version=1.0}]]
2017-05-11 04:49:15.249+0000 INFO  [o.n.k.i.a.i.IndexPopulationJob] Completed node store scan. Flushing all pending updates.
BatchingMultipleIndexPopulator{activeTasks=0, executor=java.util.concurrent.ThreadPoolExecutor@5130b7c4[Running, pool size = 0, active threads = 0, queued tasks = 0, completed tasks = 0], batchedUpdates = [], queuedUpdates = 0}
2017-05-11 04:49:15.249+0000 INFO  [o.n.k.i.a.i.IndexPopulationJob] Shutting down executor.
BatchingMultipleIndexPopulator{activeTasks=0, executor=java.util.concurrent.ThreadPoolExecutor@5130b7c4[Running, pool size = 0, active threads = 0, queued tasks = 0, completed tasks = 0], batchedUpdates = [], queuedUpdates = 0}
2017-05-11 04:49:15.256+0000 INFO  [o.n.k.i.a.i.IndexPopulationJob] Index population completed. Index is now online: [:SymptomAccompany(uuid) [provider: {key=lucene, version=1.0}]]
2017-05-11 04:49:22.181+0000 INFO  [o.n.k.i.t.l.c.CheckPointerImpl] Check Pointing triggered by scheduler for time threshold [70]:  Starting check pointing...
2017-05-11 04:49:22.181+0000 INFO  [o.n.k.i.t.l.c.CheckPointerImpl] Check Pointing triggered by scheduler for time threshold [70]:  Starting store flush...
2017-05-11 04:49:22.240+0000 INFO  [o.n.k.i.s.c.CountsTracker] About to rotate counts store at transaction 70 to [/Users/vishrant/RubyProjects/predict_disease/db/neo4j/development/data/databases/graph.db/neostore.counts.db.b], from [/Users/vishrant/RubyProjects/predict_disease/db/neo4j/development/data/databases/graph.db/neostore.counts.db.a].
2017-05-11 04:49:22.244+0000 INFO  [o.n.k.i.s.c.CountsTracker] Successfully rotated counts store at transaction 70 to [/Users/vishrant/RubyProjects/predict_disease/db/neo4j/development/data/databases/graph.db/neostore.counts.db.b], from [/Users/vishrant/RubyProjects/predict_disease/db/neo4j/development/data/databases/graph.db/neostore.counts.db.a].
2017-05-11 04:49:22.251+0000 INFO  [o.n.k.i.t.l.c.CheckPointerImpl] Check Pointing triggered by scheduler for time threshold [70]:  Store flush completed
2017-05-11 04:49:22.251+0000 INFO  [o.n.k.i.t.l.c.CheckPointerImpl] Check Pointing triggered by scheduler for time threshold [70]:  Starting appending check point entry into the tx log...
2017-05-11 04:49:22.254+0000 INFO  [o.n.k.i.t.l.c.CheckPointerImpl] Check Pointing triggered by scheduler for time threshold [70]:  Appending check point entry into the tx log completed
2017-05-11 04:49:22.254+0000 INFO  [o.n.k.i.t.l.c.CheckPointerImpl] Check Pointing triggered by scheduler for time threshold [70]:  Check pointing completed
2017-05-11 04:49:22.255+0000 INFO  [o.n.k.i.t.l.p.LogPruningImpl] Log Rotation [0]:  Starting log pruning.
2017-05-11 04:49:22.255+0000 INFO  [o.n.k.i.t.l.p.LogPruningImpl] Log Rotation [0]:  Log pruning complete.
2017-05-11 05:15:24.166+0000 WARN  [o.n.k.i.c.MonitorGc] GC Monitor: Application threads blocked for 1617ms.
2017-05-11 05:54:16.664+0000 WARN  [o.n.k.i.c.MonitorGc] GC Monitor: Application threads blocked for 367ms.
2017-05-11 06:06:43.028+0000 WARN  [o.n.k.i.c.MonitorGc] GC Monitor: Application threads blocked for 1672ms.
